<?xml version="1.0" encoding="UTF-8"?>
<!-- Generated by org.testng.reporters.JUnitReportReporter -->
<testsuite hostname="DESKTOP-AEBGFI7" failures="0" tests="1" name="Parabanktestcases.Parabanktestcase" time="4.344" errors="0" timestamp="2024-06-04T16:35:18 IST" skipped="0">
  <testcase classname="Parabanktestcases.Parabanktestcase" name="Registration" time="4.344"/>
  <system-out/>
</testsuite> <!-- Parabanktestcases.Parabanktestcase -->
